<?xml version="1.0" encoding="UTF-8"?>
<!-- Generated by org.testng.reporters.JUnitReportReporter -->
<testsuite hostname="1f49e1e820af" failures="0" tests="9" name="com.learndocker.tests.vendorportal.VendorPortalTest" time="15.134" errors="0" timestamp="2025-06-28T11:53:38 GMT" skipped="0">
  <testcase classname="com.learndocker.tests.vendorportal.VendorPortalTest" name="dashboardTest" time="2.320"/>
  <testcase classname="com.learndocker.tests.vendorportal.VendorPortalTest" name="logOutTest" time="1.524"/>
  <testcase classname="com.learndocker.tests.vendorportal.VendorPortalTest" name="loginTest" time="1.309"/>
  <testcase classname="com.learndocker.tests.vendorportal.VendorPortalTest" name="loginTest" time="1.306"/>
  <testcase classname="com.learndocker.tests.vendorportal.VendorPortalTest" name="logOutTest" time="1.522"/>
  <testcase classname="com.learndocker.tests.vendorportal.VendorPortalTest" name="dashboardTest" time="2.715"/>
  <testcase classname="com.learndocker.tests.vendorportal.VendorPortalTest" name="loginTest" time="1.310"/>
  <testcase classname="com.learndocker.tests.vendorportal.VendorPortalTest" name="dashboardTest" time="1.606"/>
  <testcase classname="com.learndocker.tests.vendorportal.VendorPortalTest" name="logOutTest" time="1.522"/>
</testsuite> <!-- com.learndocker.tests.vendorportal.VendorPortalTest -->
